<?xml version="1.0" encoding="UTF-8"?>
<testsuite xmlns:xsi="http://www.w3.org/2001/XMLSchema-instance" xsi:noNamespaceSchemaLocation="https://maven.apache.org/surefire/maven-surefire-plugin/xsd/surefire-test-report-3.0.xsd" version="3.0" name="com.app.MainAppTest" time="7.46" tests="1" errors="0" skipped="0" failures="0">
  <properties>
[...]
</properties>
  <testcase name="contextLoads" classname="com.app.MainAppTest" time="0.426">
    <system-out><![CDATA[18:44:48.433 [main] INFO org.springframework.test.context.support.AnnotationConfigContextLoaderUtils -- Could not detect default configuration classes for test class [com.app.MainAppTest]: MainAppTest does not declare any static, non-private, non-final, nested classes annotated with @Configuration.
18:44:48.588 [main] INFO org.springframework.boot.test.context.SpringBootTestContextBootstrapper -- Found @SpringBootConfiguration com.app.MainApp for test class com.app.MainAppTest

  .   ____          _            __ _ _
 /\\ / ___'_ __ _ _(_)_ __  __ _ \ \ \ \
( ( )\___ | '_ | '_| | '_ \/ _` | \ \ \ \
 \\/  ___)| |_)| | | | | || (_| |  ) ) ) )
  '  |____| .__|_| |_|_| |_\__, | / / / /
 =========|_|==============|___/=/_/_/_/
 :: Spring Boot ::                (v3.1.0)

2024-01-19T18:44:50.068+01:00  INFO 24144 --- [           main] c.c.c.ConfigServicePropertySourceLocator : Fetching config from server at : http://localhost:8071
2024-01-19T18:44:50.219+01:00  INFO 24144 --- [           main] c.c.c.ConfigServicePropertySourceLocator : Located environment: name=contact, profiles=[dev], label=null, version=null, state=null
2024-01-19T18:44:50.220+01:00  INFO 24144 --- [           main] b.c.PropertySourceBootstrapConfiguration : Located property source: [BootstrapPropertySource {name='bootstrapProperties-configClient'}, BootstrapPropertySource {name='bootstrapProperties-file:/C:/Users/anasn/cloud/contact-dev.properties'}, BootstrapPropertySource {name='bootstrapProperties-file:/C:/Users/anasn/cloud/contact.properties'}]
2024-01-19T18:44:50.233+01:00  INFO 24144 --- [           main] com.app.MainAppTest                      : The following 1 profile is active: "dev"
2024-01-19T18:44:50.714+01:00  INFO 24144 --- [           main] .s.d.r.c.RepositoryConfigurationDelegate : Bootstrapping Spring Data JPA repositories in DEFAULT mode.
2024-01-19T18:44:50.877+01:00  INFO 24144 --- [           main] .s.d.r.c.RepositoryConfigurationDelegate : Finished Spring Data repository scanning in 153 ms. Found 1 JPA repository interfaces.
2024-01-19T18:44:51.172+01:00  INFO 24144 --- [           main] o.s.cloud.context.scope.GenericScope     : BeanFactory id=6bcf72f2-b137-357b-80c3-35dc2a8b19fc
2024-01-19T18:44:51.272+01:00  INFO 24144 --- [           main] trationDelegate$BeanPostProcessorChecker : Bean 'org.springframework.ws.config.annotation.DelegatingWsConfiguration' of type [org.springframework.ws.config.annotation.DelegatingWsConfiguration$$SpringCGLIB$$0] is not eligible for getting processed by all BeanPostProcessors (for example: not eligible for auto-proxying)
2024-01-19T18:44:51.312+01:00  INFO 24144 --- [           main] .w.s.a.s.AnnotationActionEndpointMapping : Supporting [WS-Addressing August 2004, WS-Addressing 1.0]
2024-01-19T18:44:51.535+01:00  INFO 24144 --- [           main] o.hibernate.jpa.internal.util.LogHelper  : HHH000204: Processing PersistenceUnitInfo [name: default]
2024-01-19T18:44:51.612+01:00  INFO 24144 --- [           main] org.hibernate.Version                    : HHH000412: Hibernate ORM core version 6.2.2.Final
2024-01-19T18:44:51.616+01:00  INFO 24144 --- [           main] org.hibernate.cfg.Environment            : HHH000406: Using bytecode reflection optimizer
2024-01-19T18:44:51.862+01:00  INFO 24144 --- [           main] o.h.b.i.BytecodeProviderInitiator        : HHH000021: Bytecode provider name : bytebuddy
2024-01-19T18:44:52.044+01:00  INFO 24144 --- [           main] o.s.o.j.p.SpringPersistenceUnitInfo      : No LoadTimeWeaver setup: ignoring JPA class transformer
2024-01-19T18:44:52.069+01:00  INFO 24144 --- [           main] com.zaxxer.hikari.HikariDataSource       : HikariPool-1 - Starting...
2024-01-19T18:44:52.333+01:00  INFO 24144 --- [           main] com.zaxxer.hikari.pool.HikariPool        : HikariPool-1 - Added connection com.mysql.cj.jdbc.ConnectionImpl@12e75177
2024-01-19T18:44:52.335+01:00  INFO 24144 --- [           main] com.zaxxer.hikari.HikariDataSource       : HikariPool-1 - Start completed.
2024-01-19T18:44:52.385+01:00  WARN 24144 --- [           main] org.hibernate.dialect.Dialect            : HHH000511: The 5.5.0 version for [org.hibernate.dialect.MySQLDialect] is no longer supported, hence certain features may not work properly. The minimum supported version is 5.7.0. Check the community dialects project for available legacy versions.
2024-01-19T18:44:52.390+01:00  INFO 24144 --- [           main] org.hibernate.orm.dialect                : HHH035001: Using dialect: org.hibernate.dialect.MySQLDialect, version: 5.5
2024-01-19T18:44:52.708+01:00  INFO 24144 --- [           main] o.h.b.i.BytecodeProviderInitiator        : HHH000021: Bytecode provider name : bytebuddy
2024-01-19T18:44:53.286+01:00  INFO 24144 --- [           main] o.h.e.t.j.p.i.JtaPlatformInitiator       : HHH000490: Using JtaPlatform implementation: [org.hibernate.engine.transaction.jta.platform.internal.NoJtaPlatform]
2024-01-19T18:44:53.340+01:00  INFO 24144 --- [           main] j.LocalContainerEntityManagerFactoryBean : Initialized JPA EntityManagerFactory for persistence unit 'default'
2024-01-19T18:44:53.734+01:00  WARN 24144 --- [           main] JpaBaseConfiguration$JpaWebConfiguration : spring.jpa.open-in-view is enabled by default. Therefore, database queries may be performed during view rendering. Explicitly configure spring.jpa.open-in-view to disable this warning
2024-01-19T18:44:54.377+01:00  INFO 24144 --- [           main] DiscoveryClientOptionalArgsConfiguration : Eureka HTTP Client uses RestTemplate.
2024-01-19T18:44:54.543+01:00  WARN 24144 --- [           main] iguration$LoadBalancerCaffeineWarnLogger : Spring Cloud LoadBalancer is currently working with the default cache. While this cache implementation is useful for development and tests, it's recommended to use Caffeine cache in production.You can switch to using Caffeine cache, by adding it and org.springframework.cache.caffeine.CaffeineCacheManager to the classpath.
2024-01-19T18:44:54.564+01:00  INFO 24144 --- [           main] o.s.c.n.eureka.InstanceInfoFactory       : Setting initial instance status as: STARTING
2024-01-19T18:44:54.638+01:00  INFO 24144 --- [           main] com.netflix.discovery.DiscoveryClient    : Initializing Eureka in region us-east-1
2024-01-19T18:44:54.643+01:00  INFO 24144 --- [           main] c.n.d.s.r.aws.ConfigClusterResolver      : Resolving eureka endpoints via configuration
2024-01-19T18:44:54.667+01:00  INFO 24144 --- [           main] com.netflix.discovery.DiscoveryClient    : Disable delta property : false
2024-01-19T18:44:54.667+01:00  INFO 24144 --- [           main] com.netflix.discovery.DiscoveryClient    : Single vip registry refresh property : null
2024-01-19T18:44:54.667+01:00  INFO 24144 --- [           main] com.netflix.discovery.DiscoveryClient    : Force full registry fetch : false
2024-01-19T18:44:54.667+01:00  INFO 24144 --- [           main] com.netflix.discovery.DiscoveryClient    : Application is null : false
2024-01-19T18:44:54.667+01:00  INFO 24144 --- [           main] com.netflix.discovery.DiscoveryClient    : Registered Applications size is zero : true
2024-01-19T18:44:54.667+01:00  INFO 24144 --- [           main] com.netflix.discovery.DiscoveryClient    : Application version is -1: true
2024-01-19T18:44:54.668+01:00  INFO 24144 --- [           main] com.netflix.discovery.DiscoveryClient    : Getting all instance registry info from the eureka server
2024-01-19T18:44:54.968+01:00  INFO 24144 --- [           main] com.netflix.discovery.DiscoveryClient    : The response status is 200
2024-01-19T18:44:54.970+01:00  INFO 24144 --- [           main] com.netflix.discovery.DiscoveryClient    : Starting heartbeat executor: renew interval is: 30
2024-01-19T18:44:54.982+01:00  INFO 24144 --- [           main] c.n.discovery.InstanceInfoReplicator     : InstanceInfoReplicator onDemand update allowed rate per min is 4
2024-01-19T18:44:54.987+01:00  INFO 24144 --- [           main] com.netflix.discovery.DiscoveryClient    : Discovery Client initialized at timestamp 1705686294986 with initial instances count: 0
2024-01-19T18:44:54.990+01:00  INFO 24144 --- [           main] o.s.c.n.e.s.EurekaServiceRegistry        : Registering application CONTACT with eureka with status UP
2024-01-19T18:44:54.991+01:00  INFO 24144 --- [           main] com.netflix.discovery.DiscoveryClient    : Saw local status change event StatusChangeEvent [timestamp=1705686294991, current=UP, previous=STARTING]
2024-01-19T18:44:54.992+01:00  INFO 24144 --- [nfoReplicator-0] com.netflix.discovery.DiscoveryClient    : DiscoveryClient_CONTACT/AnasError.mshome.net:contact:8080: registering service...
2024-01-19T18:44:55.001+01:00  INFO 24144 --- [           main] com.app.MainAppTest                      : Started MainAppTest in 6.154 seconds (process running for 8.043)
2024-01-19T18:44:55.034+01:00  INFO 24144 --- [nfoReplicator-0] com.netflix.discovery.DiscoveryClient    : DiscoveryClient_CONTACT/AnasError.mshome.net:contact:8080 - registration status: 204
]]></system-out>
  </testcase>
</testsuite>